<?xml version="1.0" encoding="UTF-8"?>
<testng-results ignored="0" total="1" passed="1" failed="0" skipped="0">
  <reporter-output>
  </reporter-output>
  <suite started-at="2020-07-26T17:15:07 IST" name="Default suite" finished-at="2020-07-26T17:15:20 IST" duration-ms="13202">
    <groups>
      <group name="cucumber">
        <method signature="testRunner.feature(cucumber.api.testng.CucumberFeatureWrapper)[pri:0, instance:Runner.testRunner@1f3f4916]" name="feature" class="Runner.testRunner"/>
      </group> <!-- cucumber -->
    </groups>
    <test started-at="2020-07-26T17:15:07 IST" name="Default test" finished-at="2020-07-26T17:15:20 IST" duration-ms="13202">
      <class name="Runner.testRunner">
        <test-method is-config="true" signature="setUpClass()[pri:0, instance:Runner.testRunner@1f3f4916]" started-at="2020-07-26T17:15:07 IST" name="setUpClass" finished-at="2020-07-26T17:15:07 IST" duration-ms="287" status="PASS">
          <reporter-output>
          </reporter-output>
        </test-method> <!-- setUpClass -->
        <test-method signature="feature(cucumber.api.testng.CucumberFeatureWrapper)[pri:0, instance:Runner.testRunner@1f3f4916]" started-at="2020-07-26T17:15:07 IST" name="feature" description="Runs Cucumber Feature" data-provider="features" finished-at="2020-07-26T17:15:20 IST" duration-ms="12781" status="PASS">
          <params>
            <param index="0">
              <value>
                <![CDATA[SDET]]>
              </value>
            </param>
          </params>
          <reporter-output>
          </reporter-output>
        </test-method> <!-- feature -->
        <test-method is-config="true" signature="tearDownClass()[pri:0, instance:Runner.testRunner@1f3f4916]" started-at="2020-07-26T17:15:20 IST" name="tearDownClass" finished-at="2020-07-26T17:15:20 IST" duration-ms="6" status="PASS">
          <reporter-output>
          </reporter-output>
        </test-method> <!-- tearDownClass -->
      </class> <!-- Runner.testRunner -->
    </test> <!-- Default test -->
  </suite> <!-- Default suite -->
</testng-results>
